<?xml version="1.0" encoding="UTF-8"?>
<!-- Generated by org.testng.reporters.JUnitReportReporter -->
<testsuite hostname="DESKTOP-80I6L65" failures="0" tests="1" name="pages.TestNGTodo" time="7.375" errors="0" timestamp="2021-05-21T17:05:04 IST" skipped="0">
  <testcase classname="pages.TestNGTodo" name="testLambdaTestTodoPage" time="7.375"/>
  <system-out/>
</testsuite> <!-- pages.TestNGTodo -->
